<?xml version="1.0" encoding="UTF-8"?>
<!-- Generated by org.testng.reporters.JUnitXMLReporter -->
<testsuite ignored="0" hostname="DESKTOP-E6BGSPU" failures="0" tests="3" name="Default test" time="0.052" errors="0" timestamp="2020-10-15T22:26:54 WEST">
  <testcase classname="ui.ReportTest" name="reporterTest1" time="0.01"/>
  <testcase classname="ui.ReportTest" name="reporterTest2" time="0.001"/>
  <testcase classname="ui.ReportTest" name="reporterTest3" time="0.001"/>
</testsuite> <!-- Default test -->
