<?xml version="1.0" encoding="UTF-8"?>
<!-- Generated by org.testng.reporters.JUnitXMLReporter -->
<testsuite ignored="1" hostname="DESKTOP-E6BGSPU" failures="0" tests="2" name="Default test" time="0.039" errors="0" timestamp="2020-10-14T02:16:35 WEST">
  <testcase classname="ui.SkipDemoTest" name="skipTest2" time="0.007">
    <skipped/>
  </testcase> <!-- skipTest2 -->
  <testcase classname="ui.SkipDemoTest" name="skipTest3" time="0.001">
    <skipped/>
  </testcase> <!-- skipTest3 -->
  <testcase classname="ui.SkipDemoTest" name="skipTest1" time="0.0">
    <ignored/>
  </testcase> <!-- skipTest1 -->
</testsuite> <!-- Default test -->
