<?xml version="1.0" encoding="UTF-8"?>
<!-- Generated by org.testng.reporters.JUnitXMLReporter -->
<testsuite ignored="10" hostname="DESKTOP-E6BGSPU" failures="0" tests="10" name="Login" time="0.022" errors="0" timestamp="2020-10-14T02:38:16 WEST">
  <testcase classname="ui.LoginGroupsTest" name="Login1" time="0.0"/>
  <testcase classname="ui.LoginGroupsTest" name="Login2" time="0.001"/>
  <testcase classname="ui.LoginGroupsTest" name="Login3" time="0.0"/>
  <testcase classname="ui.LoginGroupsTest" name="Login4" time="0.0"/>
  <testcase classname="ui.LoginGroupsTest" name="Login5" time="0.0"/>
  <testcase classname="ui.LoginGroupsTestWithCommon" name="Login1" time="0.001"/>
  <testcase classname="ui.LoginGroupsTestWithCommon" name="Login2" time="0.001"/>
  <testcase classname="ui.LoginGroupsTestWithCommon" name="Login3" time="0.001"/>
  <testcase classname="ui.LoginGroupsTestWithCommon" name="Login4" time="0.001"/>
  <testcase classname="ui.LoginGroupsTestWithCommon" name="Login5" time="0.001"/>
  <testcase classname="ui.LoginTest" name="Login" time="0.0">
    <ignored/>
  </testcase> <!-- Login -->
  <testcase classname="ui.LoginGroupsTest" name="Logout1" time="0.0">
    <ignored/>
  </testcase> <!-- Logout1 -->
  <testcase classname="ui.LoginGroupsTestWithCommon" name="LoginLougout" time="0.0">
    <ignored/>
  </testcase> <!-- LoginLougout -->
  <testcase classname="ui.LoginGroupsTestWithCommon" name="Logout2" time="0.0">
    <ignored/>
  </testcase> <!-- Logout2 -->
  <testcase classname="ui.LoginGroupsTestWithCommon" name="Logout1" time="0.0">
    <ignored/>
  </testcase> <!-- Logout1 -->
  <testcase classname="ui.LoginTest" name="Logout" time="0.0">
    <ignored/>
  </testcase> <!-- Logout -->
  <testcase classname="ui.LoginGroupsTestWithCommon" name="Logout3" time="0.0">
    <ignored/>
  </testcase> <!-- Logout3 -->
  <testcase classname="ui.LoginGroupsTest" name="Logout3" time="0.0">
    <ignored/>
  </testcase> <!-- Logout3 -->
  <testcase classname="ui.LoginGroupsTest" name="Logout2" time="0.0">
    <ignored/>
  </testcase> <!-- Logout2 -->
  <testcase classname="ui.LoginGroupsTest" name="LoginLougout" time="0.0">
    <ignored/>
  </testcase> <!-- LoginLougout -->
</testsuite> <!-- Login -->
