<?xml version="1.0" encoding="UTF-8"?>
<!-- Generated by org.testng.reporters.JUnitXMLReporter -->
<testsuite ignored="5" hostname="DESKTOP-E6BGSPU" failures="0" tests="4" name="GRP-logout" time="0.05" errors="0" timestamp="2020-10-13T20:48:37 WEST">
  <testcase classname="ui.LoginGroupsTest" name="Logout1" time="0.008"/>
  <testcase classname="ui.LoginGroupsTest" name="Logout2" time="0.001"/>
  <testcase classname="ui.LoginGroupsTest" name="Logout3" time="0.001"/>
  <testcase classname="ui.LoginGroupsTest" name="LoginLougout" time="0.001"/>
  <testcase classname="ui.LoginGroupsTest" name="Login4" time="0.0">
    <ignored/>
  </testcase> <!-- Login4 -->
  <testcase classname="ui.LoginGroupsTest" name="Login1" time="0.0">
    <ignored/>
  </testcase> <!-- Login1 -->
  <testcase classname="ui.LoginGroupsTest" name="Login2" time="0.0">
    <ignored/>
  </testcase> <!-- Login2 -->
  <testcase classname="ui.LoginGroupsTest" name="Login5" time="0.0">
    <ignored/>
  </testcase> <!-- Login5 -->
  <testcase classname="ui.LoginGroupsTest" name="Login3" time="0.0">
    <ignored/>
  </testcase> <!-- Login3 -->
</testsuite> <!-- GRP-logout -->
