<?xml version="1.0" encoding="UTF-8"?>
<testng-results ignored="1" total="5" passed="4" failed="0" skipped="0">
  <reporter-output>
  </reporter-output>
  <suite started-at="2020-10-14T03:10:25 WEST" name="Default suite" finished-at="2020-10-14T03:10:25 WEST" duration-ms="51">
    <groups>
    </groups>
    <test started-at="2020-10-14T03:10:25 WEST" name="Default test" finished-at="2020-10-14T03:10:25 WEST" duration-ms="51">
      <class name="ui.DataProviderDemoTest">
        <test-method signature="test1(java.lang.String, java.lang.String, java.lang.String)[pri:0, instance:ui.DataProviderDemoTest@29626d54]" started-at="2020-10-14T03:10:25 WEST" name="test1" data-provider="dataSet1" finished-at="2020-10-14T03:10:25 WEST" duration-ms="5" status="PASS">
          <params>
            <param index="0">
              <value>
                <![CDATA[user1]]>
              </value>
            </param>
            <param index="1">
              <value>
                <![CDATA[pass1]]>
              </value>
            </param>
            <param index="2">
              <value>
                <![CDATA[test1]]>
              </value>
            </param>
          </params>
          <reporter-output>
          </reporter-output>
        </test-method> <!-- test1 -->
        <test-method signature="test1(java.lang.String, java.lang.String, java.lang.String)[pri:0, instance:ui.DataProviderDemoTest@29626d54]" started-at="2020-10-14T03:10:25 WEST" name="test1" data-provider="dataSet1" finished-at="2020-10-14T03:10:25 WEST" duration-ms="1" status="PASS">
          <params>
            <param index="0">
              <value>
                <![CDATA[user2]]>
              </value>
            </param>
            <param index="1">
              <value>
                <![CDATA[pass2]]>
              </value>
            </param>
            <param index="2">
              <value>
                <![CDATA[test2]]>
              </value>
            </param>
          </params>
          <reporter-output>
          </reporter-output>
        </test-method> <!-- test1 -->
        <test-method signature="test1(java.lang.String, java.lang.String, java.lang.String)[pri:0, instance:ui.DataProviderDemoTest@29626d54]" started-at="2020-10-14T03:10:25 WEST" name="test1" data-provider="dataSet1" finished-at="2020-10-14T03:10:25 WEST" duration-ms="1" status="PASS">
          <params>
            <param index="0">
              <value>
                <![CDATA[user3]]>
              </value>
            </param>
            <param index="1">
              <value>
                <![CDATA[pass3]]>
              </value>
            </param>
            <param index="2">
              <value>
                <![CDATA[test3]]>
              </value>
            </param>
          </params>
          <reporter-output>
          </reporter-output>
        </test-method> <!-- test1 -->
        <test-method signature="test1(java.lang.String, java.lang.String, java.lang.String)[pri:0, instance:ui.DataProviderDemoTest@29626d54]" started-at="2020-10-14T03:10:25 WEST" name="test1" data-provider="dataSet1" finished-at="2020-10-14T03:10:25 WEST" duration-ms="1" status="PASS">
          <params>
            <param index="0">
              <value>
                <![CDATA[user4]]>
              </value>
            </param>
            <param index="1">
              <value>
                <![CDATA[pass4]]>
              </value>
            </param>
            <param index="2">
              <value>
                <![CDATA[test4]]>
              </value>
            </param>
          </params>
          <reporter-output>
          </reporter-output>
        </test-method> <!-- test1 -->
      </class> <!-- ui.DataProviderDemoTest -->
    </test> <!-- Default test -->
  </suite> <!-- Default suite -->
</testng-results>
