<?xml version="1.0" encoding="UTF-8"?>
<!-- Generated by org.testng.reporters.JUnitXMLReporter -->
<testsuite ignored="0" hostname="DESKTOP-E6BGSPU" failures="1" tests="1" name="Reading browser details from testng.xml" time="0.04" errors="0" timestamp="2020-10-15T01:24:32 WEST">
  <testcase classname="ui.LoginTest" name="launchApplication" time="0.006">
    <failure type="java.lang.NullPointerException" message="Cannot invoke &amp;quot;org.openqa.selenium.WebDriver.get(String)&amp;quot; because &amp;quot;ui.LoginTest.driver&amp;quot; is null">
      <![CDATA[java.lang.NullPointerException: Cannot invoke "org.openqa.selenium.WebDriver.get(String)" because "ui.LoginTest.driver" is null
at ui.LoginTest.launchApplication(LoginTest.java:32)
at java.base/java.util.ArrayList.forEach(ArrayList.java:1511)
... Removed 27 stack frames]]>
    </failure>
  </testcase> <!-- launchApplication -->
</testsuite> <!-- Reading browser details from testng.xml -->
