<?xml version="1.0" encoding="UTF-8"?>
<!-- Generated by org.testng.reporters.JUnitXMLReporter -->
<testsuite ignored="0" hostname="DESKTOP-E6BGSPU" failures="0" tests="9" name="setup and teardown" time="0.053" errors="0" timestamp="2020-10-14T02:34:19 WEST">
  <testcase classname="ui.LoginGroupsTestWithCommon" name="Logout1" time="0.005"/>
  <testcase classname="ui.LoginGroupsTestWithCommon" name="Logout2" time="0.0"/>
  <testcase classname="ui.LoginGroupsTestWithCommon" name="Logout3" time="0.001"/>
  <testcase classname="ui.LoginGroupsTestWithCommon" name="Login1" time="0.001"/>
  <testcase classname="ui.LoginGroupsTestWithCommon" name="Login2" time="0.001"/>
  <testcase classname="ui.LoginGroupsTestWithCommon" name="Login3" time="0.001"/>
  <testcase classname="ui.LoginGroupsTestWithCommon" name="Login4" time="0.001"/>
  <testcase classname="ui.LoginGroupsTestWithCommon" name="Login5" time="0.0"/>
  <testcase classname="ui.LoginGroupsTestWithCommon" name="LoginLougout" time="0.001"/>
</testsuite> <!-- setup and teardown -->
