<?xml version="1.0" encoding="UTF-8"?>
<!-- Generated by org.testng.reporters.JUnitXMLReporter -->
<testsuite ignored="0" hostname="DESKTOP-E6BGSPU" failures="1" tests="3" name="Reading browser details from testng.xml" time="2.227" errors="0" timestamp="2020-10-16T00:17:38 WEST">
  <testcase classname="ui.ReportTest" name="reporterTest1" time="2.081">
    <failure type="java.lang.AssertionError" message="expected [true] but found [false]">
      <![CDATA[java.lang.AssertionError: expected [true] but found [false]
at ui.ReportTest.reporterTest1(ReportTest.java:15)
at java.base/java.util.ArrayList.forEach(ArrayList.java:1511)
... Removed 31 stack frames]]>
    </failure>
  </testcase> <!-- reporterTest1 -->
  <testcase classname="ui.ReportTest" name="reporterTest2" time="0.001"/>
  <testcase classname="ui.ReportTest" name="reporterTest3" time="0.001"/>
</testsuite> <!-- Reading browser details from testng.xml -->
